<?xml version="1.0" encoding="UTF-8"?>
<!-- Generated by org.testng.reporters.JUnitXMLReporter -->
<testsuite ignored="0" hostname="DESKTOP-U5SUVO0" failures="0" tests="3" name="Default test" time="72.366" errors="0" timestamp="2024-04-08T16:35:35 IST">
  <testcase classname="In.Spectra.Groups.AddUsersIntoTheGroup_002_Test" name="addUsers" time="13.302"/>
  <testcase classname="In.Spectra.Groups.AddUsersIntoTheGroup_002_Test" name="addUsers" time="13.06"/>
  <testcase classname="In.Spectra.Groups.AddUsersIntoTheGroup_002_Test" name="addUsers" time="13.024"/>
</testsuite> <!-- Default test -->
