<?xml version="1.0" encoding="UTF-8"?>
<testng-results ignored="0" total="3" passed="3" failed="0" skipped="0">
  <reporter-output>
  </reporter-output>
  <suite started-at="2024-04-08T16:34:22 IST" name="Default suite" finished-at="2024-04-08T16:35:35 IST" duration-ms="72366">
    <groups>
    </groups>
    <test started-at="2024-04-08T16:34:22 IST" name="Default test" finished-at="2024-04-08T16:35:35 IST" duration-ms="72366">
      <class name="In.Spectra.Groups.AddUsersIntoTheGroup_002_Test">
        <test-method is-config="true" signature="launchApplication()[pri:0, instance:In.Spectra.Groups.AddUsersIntoTheGroup_002_Test@53fb3dab]" started-at="2024-04-08T16:34:22 IST" name="launchApplication" finished-at="2024-04-08T16:34:31 IST" duration-ms="8363" status="PASS">
          <reporter-output>
          </reporter-output>
        </test-method> <!-- launchApplication -->
        <test-method is-config="true" signature="login()[pri:0, instance:In.Spectra.Groups.AddUsersIntoTheGroup_002_Test@53fb3dab]" started-at="2024-04-08T16:34:32 IST" name="login" finished-at="2024-04-08T16:34:35 IST" duration-ms="2541" status="PASS">
          <reporter-output>
          </reporter-output>
        </test-method> <!-- login -->
        <test-method signature="addUsers([Ljava.lang.String;)[pri:0, instance:In.Spectra.Groups.AddUsersIntoTheGroup_002_Test@53fb3dab]" started-at="2024-04-08T16:34:35 IST" name="addUsers" data-provider="testData" finished-at="2024-04-08T16:34:48 IST" duration-ms="13302" status="PASS">
          <params>
            <param index="0">
              <value>
                <![CDATA[[Ljava.lang.String;@16cf8438]]>
              </value>
            </param>
          </params>
          <reporter-output>
          </reporter-output>
        </test-method> <!-- addUsers -->
        <test-method is-config="true" signature="logout()[pri:0, instance:In.Spectra.Groups.AddUsersIntoTheGroup_002_Test@53fb3dab]" started-at="2024-04-08T16:34:48 IST" name="logout" finished-at="2024-04-08T16:34:52 IST" duration-ms="4496" status="PASS">
          <reporter-output>
          </reporter-output>
        </test-method> <!-- logout -->
        <test-method is-config="true" signature="login()[pri:0, instance:In.Spectra.Groups.AddUsersIntoTheGroup_002_Test@53fb3dab]" started-at="2024-04-08T16:34:52 IST" name="login" finished-at="2024-04-08T16:34:55 IST" duration-ms="2381" status="PASS">
          <reporter-output>
          </reporter-output>
        </test-method> <!-- login -->
        <test-method signature="addUsers([Ljava.lang.String;)[pri:0, instance:In.Spectra.Groups.AddUsersIntoTheGroup_002_Test@53fb3dab]" started-at="2024-04-08T16:34:55 IST" name="addUsers" data-provider="testData" finished-at="2024-04-08T16:35:08 IST" duration-ms="13060" status="PASS">
          <params>
            <param index="0">
              <value>
                <![CDATA[[Ljava.lang.String;@3e5beab5]]>
              </value>
            </param>
          </params>
          <reporter-output>
          </reporter-output>
        </test-method> <!-- addUsers -->
        <test-method is-config="true" signature="logout()[pri:0, instance:In.Spectra.Groups.AddUsersIntoTheGroup_002_Test@53fb3dab]" started-at="2024-04-08T16:35:08 IST" name="logout" finished-at="2024-04-08T16:35:12 IST" duration-ms="4477" status="PASS">
          <reporter-output>
          </reporter-output>
        </test-method> <!-- logout -->
        <test-method is-config="true" signature="login()[pri:0, instance:In.Spectra.Groups.AddUsersIntoTheGroup_002_Test@53fb3dab]" started-at="2024-04-08T16:35:12 IST" name="login" finished-at="2024-04-08T16:35:15 IST" duration-ms="2375" status="PASS">
          <reporter-output>
          </reporter-output>
        </test-method> <!-- login -->
        <test-method signature="addUsers([Ljava.lang.String;)[pri:0, instance:In.Spectra.Groups.AddUsersIntoTheGroup_002_Test@53fb3dab]" started-at="2024-04-08T16:35:15 IST" name="addUsers" data-provider="testData" finished-at="2024-04-08T16:35:28 IST" duration-ms="13024" status="PASS">
          <params>
            <param index="0">
              <value>
                <![CDATA[[Ljava.lang.String;@372f0a99]]>
              </value>
            </param>
          </params>
          <reporter-output>
          </reporter-output>
        </test-method> <!-- addUsers -->
        <test-method is-config="true" signature="logout()[pri:0, instance:In.Spectra.Groups.AddUsersIntoTheGroup_002_Test@53fb3dab]" started-at="2024-04-08T16:35:28 IST" name="logout" finished-at="2024-04-08T16:35:32 IST" duration-ms="4474" status="PASS">
          <reporter-output>
          </reporter-output>
        </test-method> <!-- logout -->
        <test-method is-config="true" signature="closeApplication()[pri:0, instance:In.Spectra.Groups.AddUsersIntoTheGroup_002_Test@53fb3dab]" started-at="2024-04-08T16:35:32 IST" name="closeApplication" finished-at="2024-04-08T16:35:35 IST" duration-ms="2549" status="PASS">
          <reporter-output>
          </reporter-output>
        </test-method> <!-- closeApplication -->
      </class> <!-- In.Spectra.Groups.AddUsersIntoTheGroup_002_Test -->
    </test> <!-- Default test -->
  </suite> <!-- Default suite -->
</testng-results>
