<?xml version="1.0" encoding="UTF-8"?>
<testng-results ignored="0" total="1" passed="1" failed="0" skipped="0">
  <reporter-output>
  </reporter-output>
  <suite started-at="2024-04-05T15:37:34 IST" name="Default suite" finished-at="2024-04-05T15:37:48 IST" duration-ms="14236">
    <groups>
    </groups>
    <test started-at="2024-04-05T15:37:34 IST" name="Default test" finished-at="2024-04-05T15:37:48 IST" duration-ms="14236">
      <class name="In.Spectra.Customer.DeleteCustomer_003_Test">
        <test-method is-config="true" signature="launchApplication()[pri:0, instance:In.Spectra.Customer.DeleteCustomer_003_Test@173ed316]" started-at="2024-04-05T15:37:34 IST" name="launchApplication" finished-at="2024-04-05T15:37:42 IST" duration-ms="8196" status="PASS">
          <reporter-output>
          </reporter-output>
        </test-method> <!-- launchApplication -->
        <test-method is-config="true" signature="login()[pri:0, instance:In.Spectra.Customer.DeleteCustomer_003_Test@173ed316]" started-at="2024-04-05T15:37:42 IST" name="login" finished-at="2024-04-05T15:37:42 IST" duration-ms="448" status="PASS">
          <reporter-output>
          </reporter-output>
        </test-method> <!-- login -->
        <test-method signature="addCustomer()[pri:0, instance:In.Spectra.Customer.DeleteCustomer_003_Test@173ed316]" started-at="2024-04-05T15:37:42 IST" name="addCustomer" finished-at="2024-04-05T15:37:46 IST" duration-ms="3378" status="PASS">
          <reporter-output>
          </reporter-output>
        </test-method> <!-- addCustomer -->
        <test-method is-config="true" signature="closeApplication()[pri:0, instance:In.Spectra.Customer.DeleteCustomer_003_Test@173ed316]" started-at="2024-04-05T15:37:46 IST" name="closeApplication" finished-at="2024-04-05T15:37:48 IST" duration-ms="2130" status="PASS">
          <reporter-output>
          </reporter-output>
        </test-method> <!-- closeApplication -->
      </class> <!-- In.Spectra.Customer.DeleteCustomer_003_Test -->
    </test> <!-- Default test -->
  </suite> <!-- Default suite -->
</testng-results>
